<?xml version="1.0" encoding="UTF-8"?>
<testsuite xmlns:xsi="http://www.w3.org/2001/XMLSchema-instance" xsi:noNamespaceSchemaLocation="https://maven.apache.org/surefire/maven-surefire-plugin/xsd/surefire-test-report-3.0.xsd" version="3.0" name="com.info.admin.html5.InfoAdminHtml5ApplicationTests" time="3.594" tests="1" errors="0" skipped="0" failures="0">
  <properties>
[...]
</properties>
  <testcase name="contextLoads" classname="com.info.admin.html5.InfoAdminHtml5ApplicationTests" time="0.419">
    <system-out><![CDATA[20:08:02.718 [main] INFO org.springframework.test.context.support.AnnotationConfigContextLoaderUtils -- Could not detect default configuration classes for test class [com.info.admin.html5.InfoAdminHtml5ApplicationTests]: InfoAdminHtml5ApplicationTests does not declare any static, non-private, non-final, nested classes annotated with @Configuration.
20:08:02.790 [main] INFO org.springframework.boot.test.context.SpringBootTestContextBootstrapper -- Found @SpringBootConfiguration com.info.admin.html5.InfoAdminHtml5Application for test class com.info.admin.html5.InfoAdminHtml5ApplicationTests

  .   ____          _            __ _ _
 /\\ / ___'_ __ _ _(_)_ __  __ _ \ \ \ \
( ( )\___ | '_ | '_| | '_ \/ _` | \ \ \ \
 \\/  ___)| |_)| | | | | || (_| |  ) ) ) )
  '  |____| .__|_| |_|_| |_\__, | / / / /
 =========|_|==============|___/=/_/_/_/
 :: Spring Boot ::                (v3.1.4)

2023-09-26T20:08:03.063+08:00  INFO 22760 --- [           main] c.i.a.h.InfoAdminHtml5ApplicationTests   : Starting InfoAdminHtml5ApplicationTests using Java 17.0.1 with PID 22760 (started by dhj in F:\workspace\info-admin-html5-v1)
2023-09-26T20:08:03.064+08:00  INFO 22760 --- [           main] c.i.a.h.InfoAdminHtml5ApplicationTests   : No active profile set, falling back to 1 default profile: "default"
2023-09-26T20:08:03.513+08:00  INFO 22760 --- [           main] .s.d.r.c.RepositoryConfigurationDelegate : Bootstrapping Spring Data JPA repositories in DEFAULT mode.
2023-09-26T20:08:03.568+08:00  INFO 22760 --- [           main] .s.d.r.c.RepositoryConfigurationDelegate : Finished Spring Data repository scanning in 47 ms. Found 7 JPA repository interfaces.
2023-09-26T20:08:03.915+08:00  INFO 22760 --- [           main] o.hibernate.jpa.internal.util.LogHelper  : HHH000204: Processing PersistenceUnitInfo [name: default]
2023-09-26T20:08:03.954+08:00  INFO 22760 --- [           main] org.hibernate.Version                    : HHH000412: Hibernate ORM core version 6.2.9.Final
2023-09-26T20:08:03.955+08:00  INFO 22760 --- [           main] org.hibernate.cfg.Environment            : HHH000406: Using bytecode reflection optimizer
2023-09-26T20:08:04.081+08:00  INFO 22760 --- [           main] o.h.b.i.BytecodeProviderInitiator        : HHH000021: Bytecode provider name : bytebuddy
2023-09-26T20:08:04.177+08:00  INFO 22760 --- [           main] o.s.o.j.p.SpringPersistenceUnitInfo      : No LoadTimeWeaver setup: ignoring JPA class transformer
2023-09-26T20:08:04.189+08:00  INFO 22760 --- [           main] com.zaxxer.hikari.HikariDataSource       : HikariPool-1 - Starting...
2023-09-26T20:08:04.291+08:00  INFO 22760 --- [           main] com.zaxxer.hikari.pool.HikariPool        : HikariPool-1 - Added connection com.mysql.cj.jdbc.ConnectionImpl@6a51ae7c
2023-09-26T20:08:04.292+08:00  INFO 22760 --- [           main] com.zaxxer.hikari.HikariDataSource       : HikariPool-1 - Start completed.
2023-09-26T20:08:04.455+08:00  INFO 22760 --- [           main] o.h.b.i.BytecodeProviderInitiator        : HHH000021: Bytecode provider name : bytebuddy
2023-09-26T20:08:04.918+08:00  INFO 22760 --- [           main] o.h.e.t.j.p.i.JtaPlatformInitiator       : HHH000490: Using JtaPlatform implementation: [org.hibernate.engine.transaction.jta.platform.internal.NoJtaPlatform]
2023-09-26T20:08:04.921+08:00  INFO 22760 --- [           main] j.LocalContainerEntityManagerFactoryBean : Initialized JPA EntityManagerFactory for persistence unit 'default'
2023-09-26T20:08:05.541+08:00  INFO 22760 --- [           main] o.s.s.web.DefaultSecurityFilterChain     : Will secure any request with [org.springframework.security.web.session.DisableEncodeUrlFilter@33a58fcb, org.springframework.security.web.context.request.async.WebAsyncManagerIntegrationFilter@36a8ebca, org.springframework.security.web.context.SecurityContextHolderFilter@ef59aee, org.springframework.security.web.header.HeaderWriterFilter@4a467ada, org.springframework.security.web.authentication.logout.LogoutFilter@38ae69f7, org.springframework.security.web.authentication.UsernamePasswordAuthenticationFilter@44181746, org.springframework.security.web.savedrequest.RequestCacheAwareFilter@45a4587d, org.springframework.security.web.servletapi.SecurityContextHolderAwareRequestFilter@27adb90f, org.springframework.security.web.authentication.AnonymousAuthenticationFilter@328e687e, org.springframework.security.web.access.ExceptionTranslationFilter@408980aa, org.springframework.security.web.access.intercept.AuthorizationFilter@4198921f]
2023-09-26T20:08:05.764+08:00  INFO 22760 --- [           main] c.i.a.h.InfoAdminHtml5ApplicationTests   : Started InfoAdminHtml5ApplicationTests in 2.871 seconds (process running for 3.564)
]]></system-out>
  </testcase>
</testsuite>